Tue 14 Mar 2023 05:21:53 PM UTC: 
 tests:  0|7
total_score: 0/70
41f0c39
Tue 14 Mar 2023 05:26:12 PM UTC: 
 exercises.c | 7 +++++--
 1 file changed, 5 insertions(+), 2 deletions(-)
 tests:  0|7
total_score: 0/70
3faf474
Tue 14 Mar 2023 05:26:40 PM UTC: 
 exercises.c | 2 +-
 1 file changed, 1 insertion(+), 1 deletion(-)
 tests:  1|6
total_score: 10/70
99307eb
Tue 14 Mar 2023 05:42:59 PM UTC: 
 exercises.c | 13 ++++++++++++-
 1 file changed, 12 insertions(+), 1 deletion(-)
 tests:  2|5
total_score: 20/70
0829fe5
Tue 14 Mar 2023 06:01:30 PM UTC: 
 exercises.c | 6 +-----
 1 file changed, 1 insertion(+), 5 deletions(-)
 tests:  2|5
total_score: 20/70
852b1cd
Tue 14 Mar 2023 06:01:41 PM UTC: 
 exercises.c | 2 +-
 1 file changed, 1 insertion(+), 1 deletion(-)
 tests:  1|6
total_score: 10/70
6b7a404
Tue 14 Mar 2023 06:01:59 PM UTC: 
 exercises.c | 2 +-
 1 file changed, 1 insertion(+), 1 deletion(-)
 tests:  2|5
total_score: 20/70
466a10b
Tue 14 Mar 2023 06:02:23 PM UTC: 
 exercises.c | 2 +-
 1 file changed, 1 insertion(+), 1 deletion(-)
 tests:  2|5
total_score: 20/70
8010e5c
Tue 14 Mar 2023 06:06:23 PM UTC: 
 exercises.c | 5 +++--
 1 file changed, 3 insertions(+), 2 deletions(-)
In file included from test.c:5:
exercises.c:55:1: error: unknown type name ‘Persona’; did you mean ‘tipoPersona’?
   55 | Persona* crearPersona(char nombre[], char rut[], int edad) {
      | ^~~~~~~
      | tipoPersona
exercises.c: In function ‘crearPersona’:
exercises.c:56:4: error: unknown type name ‘Persona’; did you mean ‘tipoPersona’?
   56 |    Persona * p = (Persona *) malloc(sizeof(Persona));
      |    ^~~~~~~
      |    tipoPersona
exercises.c:56:19: error: ‘Persona’ undeclared (first use in this function)
   56 |    Persona * p = (Persona *) malloc(sizeof(Persona));
      |                   ^~~~~~~
exercises.c:56:19: note: each undeclared identifier is reported only once for each function it appears in
exercises.c:56:28: error: expected expression before ‘)’ token
   56 |    Persona * p = (Persona *) malloc(sizeof(Persona));
      |                            ^
test.c: In function ‘test_creaP’:
test.c:112:5: error: unknown type name ‘Persona’; did you mean ‘tipoPersona’?
  112 |     Persona* p=crearPersona(nombre, "15489XXX-2", edad);
      |     ^~~~~~~
      |     tipoPersona
test.c:120:16: error: request for member ‘nombre’ in something not a structure or union
  120 |     if(strcmp(p->nombre,nombre)!=0){
      |                ^~
test.c:121:37: error: request for member ‘nombre’ in something not a structure or union
  121 |         sprintf(msg,"p->nombre=%s",p->nombre);
      |                                     ^~
test.c:126:9: error: request for member ‘edad’ in something not a structure or union
  126 |     if(p->edad!=edad){
      |         ^~
test.c:127:35: error: request for member ‘edad’ in something not a structure or union
  127 |         sprintf(msg,"p->edad=%d",p->edad);
      |                                   ^~
Compilation failed
4781991
Tue 14 Mar 2023 06:14:52 PM UTC: 
 exercises.c | 9 +++++++--
 1 file changed, 7 insertions(+), 2 deletions(-)
test.c: In function ‘test_creaP’:
test.c:112:5: error: unknown type name ‘Persona’; did you mean ‘tipoPersona’?
  112 |     Persona* p=crearPersona(nombre, "15489XXX-2", edad);
      |     ^~~~~~~
      |     tipoPersona
test.c:112:16: error: initialization of ‘int *’ from incompatible pointer type ‘tipoPersona *’ [-Werror=incompatible-pointer-types]
  112 |     Persona* p=crearPersona(nombre, "15489XXX-2", edad);
      |                ^~~~~~~~~~~~
test.c:120:16: error: request for member ‘nombre’ in something not a structure or union
  120 |     if(strcmp(p->nombre,nombre)!=0){
      |                ^~
test.c:121:37: error: request for member ‘nombre’ in something not a structure or union
  121 |         sprintf(msg,"p->nombre=%s",p->nombre);
      |                                     ^~
test.c:126:9: error: request for member ‘edad’ in something not a structure or union
  126 |     if(p->edad!=edad){
      |         ^~
test.c:127:35: error: request for member ‘edad’ in something not a structure or union
  127 |         sprintf(msg,"p->edad=%d",p->edad);
      |                                   ^~
cc1: all warnings being treated as errors
Compilation failed
0a8bde1
Tue 14 Mar 2023 06:16:37 PM UTC: 
 exercises.c | 4 ++--
 1 file changed, 2 insertions(+), 2 deletions(-)
test.c: In function ‘test_creaP’:
test.c:112:5: error: unknown type name ‘Persona’; did you mean ‘tipoPersona’?
  112 |     Persona* p=crearPersona(nombre, "15489XXX-2", edad);
      |     ^~~~~~~
      |     tipoPersona
test.c:112:16: error: initialization of ‘int *’ from incompatible pointer type ‘tipoPersona *’ [-Werror=incompatible-pointer-types]
  112 |     Persona* p=crearPersona(nombre, "15489XXX-2", edad);
      |                ^~~~~~~~~~~~
test.c:120:16: error: request for member ‘nombre’ in something not a structure or union
  120 |     if(strcmp(p->nombre,nombre)!=0){
      |                ^~
test.c:121:37: error: request for member ‘nombre’ in something not a structure or union
  121 |         sprintf(msg,"p->nombre=%s",p->nombre);
      |                                     ^~
test.c:126:9: error: request for member ‘edad’ in something not a structure or union
  126 |     if(p->edad!=edad){
      |         ^~
test.c:127:35: error: request for member ‘edad’ in something not a structure or union
  127 |         sprintf(msg,"p->edad=%d",p->edad);
      |                                   ^~
cc1: all warnings being treated as errors
Compilation failed
21795a1
Tue 14 Mar 2023 06:17:00 PM UTC: 
 exercises.c | 2 +-
 1 file changed, 1 insertion(+), 1 deletion(-)
test.c: In function ‘test_creaP’:
test.c:112:5: error: unknown type name ‘Persona’; did you mean ‘tipoPersona’?
  112 |     Persona* p=crearPersona(nombre, "15489XXX-2", edad);
      |     ^~~~~~~
      |     tipoPersona
test.c:112:16: error: initialization of ‘int *’ from incompatible pointer type ‘tipoPersona *’ [-Werror=incompatible-pointer-types]
  112 |     Persona* p=crearPersona(nombre, "15489XXX-2", edad);
      |                ^~~~~~~~~~~~
test.c:120:16: error: request for member ‘nombre’ in something not a structure or union
  120 |     if(strcmp(p->nombre,nombre)!=0){
      |                ^~
test.c:121:37: error: request for member ‘nombre’ in something not a structure or union
  121 |         sprintf(msg,"p->nombre=%s",p->nombre);
      |                                     ^~
test.c:126:9: error: request for member ‘edad’ in something not a structure or union
  126 |     if(p->edad!=edad){
      |         ^~
test.c:127:35: error: request for member ‘edad’ in something not a structure or union
  127 |         sprintf(msg,"p->edad=%d",p->edad);
      |                                   ^~
cc1: all warnings being treated as errors
Compilation failed
0384b9f
Tue 14 Mar 2023 06:17:26 PM UTC: 
 exercises.c | 4 +---
 1 file changed, 1 insertion(+), 3 deletions(-)
test.c: In function ‘test_creaP’:
test.c:112:5: error: unknown type name ‘Persona’; did you mean ‘tipoPersona’?
  112 |     Persona* p=crearPersona(nombre, "15489XXX-2", edad);
      |     ^~~~~~~
      |     tipoPersona
test.c:112:16: error: initialization of ‘int *’ from incompatible pointer type ‘tipoPersona *’ [-Werror=incompatible-pointer-types]
  112 |     Persona* p=crearPersona(nombre, "15489XXX-2", edad);
      |                ^~~~~~~~~~~~
test.c:120:16: error: request for member ‘nombre’ in something not a structure or union
  120 |     if(strcmp(p->nombre,nombre)!=0){
      |                ^~
test.c:121:37: error: request for member ‘nombre’ in something not a structure or union
  121 |         sprintf(msg,"p->nombre=%s",p->nombre);
      |                                     ^~
test.c:126:9: error: request for member ‘edad’ in something not a structure or union
  126 |     if(p->edad!=edad){
      |         ^~
test.c:127:35: error: request for member ‘edad’ in something not a structure or union
  127 |         sprintf(msg,"p->edad=%d",p->edad);
      |                                   ^~
cc1: all warnings being treated as errors
Compilation failed
69cbcc6
Tue 14 Mar 2023 06:17:45 PM UTC: 
 exercises.c | 4 +++-
 1 file changed, 3 insertions(+), 1 deletion(-)
test.c: In function ‘test_creaP’:
test.c:112:5: error: unknown type name ‘Persona’; did you mean ‘tipoPersona’?
  112 |     Persona* p=crearPersona(nombre, "15489XXX-2", edad);
      |     ^~~~~~~
      |     tipoPersona
test.c:112:16: error: initialization of ‘int *’ from incompatible pointer type ‘tipoPersona *’ [-Werror=incompatible-pointer-types]
  112 |     Persona* p=crearPersona(nombre, "15489XXX-2", edad);
      |                ^~~~~~~~~~~~
test.c:120:16: error: request for member ‘nombre’ in something not a structure or union
  120 |     if(strcmp(p->nombre,nombre)!=0){
      |                ^~
test.c:121:37: error: request for member ‘nombre’ in something not a structure or union
  121 |         sprintf(msg,"p->nombre=%s",p->nombre);
      |                                     ^~
test.c:126:9: error: request for member ‘edad’ in something not a structure or union
  126 |     if(p->edad!=edad){
      |         ^~
test.c:127:35: error: request for member ‘edad’ in something not a structure or union
  127 |         sprintf(msg,"p->edad=%d",p->edad);
      |                                   ^~
cc1: all warnings being treated as errors
Compilation failed
5ad5e54
Tue 14 Mar 2023 06:18:51 PM UTC: 
 exercises.c | 6 +++---
 1 file changed, 3 insertions(+), 3 deletions(-)
 tests:  3|4
total_score: 30/70
0919232
Thu 16 Mar 2023 12:01:41 AM UTC: 
 exercises.c | 9 +++++++--
 1 file changed, 7 insertions(+), 2 deletions(-)
In file included from test.c:5:
exercises.c: In function ‘crearVector’:
exercises.c:85:20: error: expected expression before ‘)’ token
   85 |   *datos = (datos *) malloc(Vector.capacidad, sizeof(Vector));
      |                    ^
Compilation failed
4f84cfa
Thu 16 Mar 2023 12:04:21 AM UTC: 
 exercises.c | 3 ++-
 1 file changed, 2 insertions(+), 1 deletion(-)
In file included from test.c:5:
exercises.c: In function ‘crearVector’:
exercises.c:86:20: error: expected expression before ‘)’ token
   86 |   *datos = (datos *) malloc(n, sizeof(Vector));
      |                    ^
Compilation failed
f1bafb9
Thu 16 Mar 2023 12:04:50 AM UTC: 
 exercises.c | 2 +-
 1 file changed, 1 insertion(+), 1 deletion(-)
In file included from test.c:5:
exercises.c: In function ‘crearVector’:
exercises.c:86:23: error: too many arguments to function ‘malloc’
   86 |   *datos = (Vector *) malloc(n, sizeof(Vector));
      |                       ^~~~~~
In file included from test.c:2:
/nix/store/4pqv2mwdn88h7xvsm7a5zplrd8sxzvw0-glibc-2.35-163-dev/include/stdlib.h:540:14: note: declared here
  540 | extern void *malloc (size_t __size) __THROW __attribute_malloc__
      |              ^~~~~~
In file included from test.c:5:
exercises.c:86:10: error: assignment to ‘int’ from ‘Vector *’ makes integer from pointer without a cast [-Werror=int-conversion]
   86 |   *datos = (Vector *) malloc(n, sizeof(Vector));
      |          ^
cc1: all warnings being treated as errors
Compilation failed
d0aa36c
Thu 16 Mar 2023 12:05:01 AM UTC: 
 exercises.c | 2 +-
 1 file changed, 1 insertion(+), 1 deletion(-)
In file included from test.c:5:
exercises.c: In function ‘crearVector’:
exercises.c:86:20: error: too many arguments to function ‘malloc’
   86 |   *datos = (int *) malloc(n, sizeof(Vector));
      |                    ^~~~~~
In file included from test.c:2:
/nix/store/4pqv2mwdn88h7xvsm7a5zplrd8sxzvw0-glibc-2.35-163-dev/include/stdlib.h:540:14: note: declared here
  540 | extern void *malloc (size_t __size) __THROW __attribute_malloc__
      |              ^~~~~~
In file included from test.c:5:
exercises.c:86:10: error: assignment to ‘int’ from ‘int *’ makes integer from pointer without a cast [-Werror=int-conversion]
   86 |   *datos = (int *) malloc(n, sizeof(Vector));
      |          ^
cc1: all warnings being treated as errors
Compilation failed
ea4f8ed
Thu 16 Mar 2023 12:05:42 AM UTC: 
 exercises.c | 2 +-
 1 file changed, 1 insertion(+), 1 deletion(-)
In file included from test.c:5:
exercises.c: In function ‘crearVector’:
exercises.c:86:20: error: too many arguments to function ‘malloc’
   86 |   *datos = (int *) malloc(n, sizeof(int));
      |                    ^~~~~~
In file included from test.c:2:
/nix/store/4pqv2mwdn88h7xvsm7a5zplrd8sxzvw0-glibc-2.35-163-dev/include/stdlib.h:540:14: note: declared here
  540 | extern void *malloc (size_t __size) __THROW __attribute_malloc__
      |              ^~~~~~
In file included from test.c:5:
exercises.c:86:10: error: assignment to ‘int’ from ‘int *’ makes integer from pointer without a cast [-Werror=int-conversion]
   86 |   *datos = (int *) malloc(n, sizeof(int));
      |          ^
cc1: all warnings being treated as errors
Compilation failed
a570b99
Thu 16 Mar 2023 12:05:58 AM UTC: 
 exercises.c | 2 +-
 1 file changed, 1 insertion(+), 1 deletion(-)
In file included from test.c:5:
exercises.c: In function ‘crearVector’:
exercises.c:86:10: error: assignment to ‘int’ from ‘int *’ makes integer from pointer without a cast [-Werror=int-conversion]
   86 |   *datos = (int *) calloc(n, sizeof(int));
      |          ^
cc1: all warnings being treated as errors
Compilation failed
39fdbdc
Thu 16 Mar 2023 12:19:05 AM UTC: 
 exercises.c | 5 +++--
 1 file changed, 3 insertions(+), 2 deletions(-)
In file included from test.c:5:
exercises.c: In function ‘crearVector’:
exercises.c:87:10: error: expected identifier or ‘(’ before ‘->’ token
   87 |   Vector -> datos = (int *) calloc (n, sizeof(int));
      |          ^~
Compilation failed
27e3483
Thu 16 Mar 2023 12:19:49 AM UTC: 
 exercises.c | 2 +-
 1 file changed, 1 insertion(+), 1 deletion(-)
 tests:  3|4
total_score: 30/70
2fafd9e
Thu 16 Mar 2023 12:20:22 AM UTC: 
 exercises.c | 2 +-
 1 file changed, 1 insertion(+), 1 deletion(-)
 tests:  3|4
total_score: 30/70
ee1fa44
Thu 16 Mar 2023 12:22:01 AM UTC: 
 exercises.c | 2 +-
 1 file changed, 1 insertion(+), 1 deletion(-)
 tests:  4|3
total_score: 40/70
32c3b7f
Thu 16 Mar 2023 12:23:12 AM UTC: 
 exercises.c | 3 +++
 1 file changed, 3 insertions(+)
In file included from test.c:5:
exercises.c: In function ‘crearVector’:
exercises.c:87:11: error: redefinition of ‘registro’
   87 |   Vector *registro = (Vector *) malloc(n * sizeof(Vector));
      |           ^~~~~~~~
exercises.c:85:11: note: previous definition of ‘registro’ with type ‘Vector *’
   85 |   Vector *registro = NULL;
      |           ^~~~~~~~
Compilation failed
bc7ea02
Thu 16 Mar 2023 12:24:28 AM UTC: 
 exercises.c | 2 +-
 1 file changed, 1 insertion(+), 1 deletion(-)
In file included from test.c:5:
exercises.c: In function ‘crearVector’:
exercises.c:87:15: error: incompatible types when assigning to type ‘Vector’ from type ‘Vector *’
   87 |   *registro = (Vector *) malloc(n * sizeof(Vector));
      |               ^
Compilation failed
98b1162
Thu 16 Mar 2023 12:33:36 AM UTC: 
 exercises.c | 5 +++--
 1 file changed, 3 insertions(+), 2 deletions(-)
In file included from test.c:5:
exercises.c: In function ‘crearVector’:
exercises.c:87:15: error: incompatible types when assigning to type ‘Vector’ from type ‘Vector *’
   87 |   *registro = (Vector *) malloc(n * sizeof(Vector));
      |               ^
exercises.c: In function ‘asignarValor’:
exercises.c:102:5: error: ‘Vector’ has no member named ‘vector’
  102 |   v -> vector[i] = valor;
      |     ^~
Compilation failed
2bd376d
Thu 16 Mar 2023 12:34:18 AM UTC: 
 exercises.c | 2 +-
 1 file changed, 1 insertion(+), 1 deletion(-)
In file included from test.c:5:
exercises.c: In function ‘crearVector’:
exercises.c:87:15: error: incompatible types when assigning to type ‘Vector’ from type ‘Vector *’
   87 |   *registro = (Vector *) malloc(n * sizeof(Vector));
      |               ^
exercises.c: In function ‘asignarValor’:
exercises.c:102:10: error: incompatible types when assigning to type ‘Vector’ from type ‘int’
  102 |   v[i] = valor;
      |          ^~~~~
Compilation failed
efe2c06
Thu 16 Mar 2023 12:36:29 AM UTC: 
 exercises.c | 2 +-
 1 file changed, 1 insertion(+), 1 deletion(-)
In file included from test.c:5:
exercises.c: In function ‘crearVector’:
exercises.c:87:15: error: incompatible types when assigning to type ‘Vector’ from type ‘Vector *’
   87 |   *registro = (Vector *) malloc(n * sizeof(Vector));
      |               ^
Compilation failed
2b7367f
Thu 16 Mar 2023 12:40:21 AM UTC: 
 exercises.c | 6 ++++--
 1 file changed, 4 insertions(+), 2 deletions(-)
In file included from test.c:5:
exercises.c: In function ‘crearVector’:
exercises.c:87:15: error: incompatible types when assigning to type ‘Vector’ from type ‘Vector *’
   87 |   *registro = (Vector *) malloc(n * sizeof(Vector));
      |               ^
Compilation failed
c28cbb8
Thu 16 Mar 2023 12:40:54 AM UTC: 
 exercises.c | 2 +-
 1 file changed, 1 insertion(+), 1 deletion(-)
In file included from test.c:5:
exercises.c: In function ‘crearVector’:
exercises.c:87:15: error: incompatible types when assigning to type ‘Vector’ from type ‘Vector *’
   87 |   *registro = (Vector *) malloc(n * sizeof(Vector));
      |               ^
exercises.c: In function ‘obtenerValor’:
exercises.c:113:24: error: expected ‘;’ before ‘}’ token
  113 |    return v -> datos[i]
      |                        ^
      |                        ;
  114 | }
      | ~                       
Compilation failed
5bbc194
Thu 16 Mar 2023 12:41:33 AM UTC: 
 exercises.c | 2 +-
 1 file changed, 1 insertion(+), 1 deletion(-)
In file included from test.c:5:
exercises.c: In function ‘crearVector’:
exercises.c:87:15: error: incompatible types when assigning to type ‘Vector’ from type ‘Vector *’
   87 |   *registro = (Vector *) malloc(n * sizeof(Vector));
      |               ^
Compilation failed
9d71aef
Thu 16 Mar 2023 12:42:18 AM UTC: 
 exercises.c | 2 +-
 1 file changed, 1 insertion(+), 1 deletion(-)
 tests:  6|2
total_score: 50/70
3a4e300
Thu 16 Mar 2023 12:49:48 AM UTC: 
 exercises.c | 7 ++++++-
 1 file changed, 6 insertions(+), 1 deletion(-)
In file included from test.c:5:
exercises.c: In function ‘sumaV’:
exercises.c:125:22: error: invalid operands to binary + (have ‘Vector’ and ‘Vector’)
  125 |     c -> datos = a[i]+b[i];
      |                  ~~~~^~~~~
      |                   |    |
      |                   |    Vector
      |                   Vector
Compilation failed
5b4ebeb
